<?xml version="1.0" encoding="UTF-8"?>
<!-- Generated by org.testng.reporters.JUnitReportReporter -->
<testsuite skipped="0" hostname="DESKTOP-RGTV5TM" name="com.qa.testcases.EclipseTestCase" tests="2" failures="0" timestamp="18 Mar 2020 13:08:24 GMT" time="31.549" errors="0">
  <testcase name="LoginInEclipseMarket" time="18.493" classname="com.qa.testcases.EclipseTestCase"/>
  <testcase name="validatePage" time="13.056" classname="com.qa.testcases.EclipseTestCase"/>
</testsuite> <!-- com.qa.testcases.EclipseTestCase -->
