<?xml version="1.0" encoding="UTF-8"?>
<!-- Generated by org.testng.reporters.JUnitReportReporter -->
<testsuite skipped="0" hostname="DESKTOP-RGTV5TM" name="com.qa.elementstestcases.TestCases_T01" tests="1" failures="0" timestamp="2020-05-27T16:48:45 IST" time="16.176" errors="0">
  <testcase name="textBoxTestCase" time="16.176" classname="com.qa.elementstestcases.TestCases_T01"/>
</testsuite> <!-- com.qa.elementstestcases.TestCases_T01 -->
