<?xml version="1.0" encoding="UTF-8"?>
<!-- Generated by org.testng.reporters.JUnitReportReporter -->
<testsuite skipped="1" hostname="DESKTOP-RGTV5TM" name="com.qa.elementstestcases.TestCases_T01" tests="2" failures="0" timestamp="2020-05-28T11:39:52 IST" time="10.471" errors="0">
  <testcase name="checkBoxTestCase" time="10.471" classname="com.qa.elementstestcases.TestCases_T01"/>
  <testcase name="textBoxTestCase" classname="com.qa.elementstestcases.TestCases_T01">
    <skipped/>
  </testcase> <!-- textBoxTestCase -->
</testsuite> <!-- com.qa.elementstestcases.TestCases_T01 -->
