<?xml version="1.0" encoding="UTF-8"?>
<!-- Generated by org.testng.reporters.JUnitReportReporter -->
<testsuite skipped="1" hostname="DESKTOP-RGTV5TM" name="com.qa.testcases.SeleniumTestCase" tests="2" failures="0" timestamp="18 Mar 2020 13:01:23 GMT" time="23.806" errors="0">
  <testcase name="getSeleniumWebdriver" time="23.806" classname="com.qa.testcases.SeleniumTestCase"/>
  <testcase name="gettraininfo" classname="com.qa.testcases.SeleniumTestCase">
    <skipped/>
  </testcase> <!-- gettraininfo -->
</testsuite> <!-- com.qa.testcases.SeleniumTestCase -->
